{"C:\\Users\\marco\\Documents\\testes-node\\index.js": {"path":"C:\\Users\\marco\\Documents\\testes-node\\index.js","statementMap":{"0":{"start":{"line":6,"column":24},"end":{"line":6,"column":81}},"1":{"start":{"line":6,"column":55},"end":{"line":6,"column":81}},"2":{"start":{"line":7,"column":25},"end":{"line":7,"column":68}},"3":{"start":{"line":7,"column":49},"end":{"line":7,"column":68}}},"fnMap":{"0":{"name":"(anonymous_0)","decl":{"start":{"line":6,"column":24},"end":{"line":6,"column":25}},"loc":{"start":{"line":6,"column":55},"end":{"line":6,"column":81}},"line":6},"1":{"name":"(anonymous_1)","decl":{"start":{"line":7,"column":25},"end":{"line":7,"column":26}},"loc":{"start":{"line":7,"column":49},"end":{"line":7,"column":68}},"line":7}},"branchMap":{},"s":{"0":1,"1":1,"2":1,"3":1},"f":{"0":1,"1":1},"b":{},"_coverageSchema":"1a1c01bbd47fc00a2c39e90264f33305004495a9","hash":"67d40745feb120d4cf01c9bc5d56b2693be2e067"}
}
